d:\projects\cpp\pong\pong\debug\vc120.pdb
d:\projects\cpp\pong\pong\debug\vc120.idb
d:\projects\cpp\pong\pong\debug\aipaddle.obj
d:\projects\cpp\pong\pong\debug\ball.obj
d:\projects\cpp\pong\pong\debug\paddle.obj
d:\projects\cpp\pong\pong\debug\player.obj
d:\projects\cpp\pong\pong\debug\pong.obj
d:\repositories\git\framework\pong\debug\vc120.pdb
d:\repositories\git\framework\pong\debug\vc120.idb
d:\repositories\git\framework\pong\debug\aipaddle.obj
d:\repositories\git\framework\pong\debug\ball.obj
d:\repositories\git\framework\pong\debug\paddle.obj
d:\repositories\git\framework\pong\debug\player.obj
d:\repositories\git\framework\pong\debug\pong.obj
d:\projects\cpp\pong\debug\pong.ilk
d:\projects\cpp\pong\debug\pong.exe
d:\projects\cpp\pong\debug\pong.pdb
d:\repositories\git\framework\debug\pong.ilk
d:\repositories\git\framework\debug\pong.exe
d:\repositories\git\framework\debug\pong.pdb
d:\repositories\git\framework\pong\debug\pong.tlog\cl.command.1.tlog
d:\repositories\git\framework\pong\debug\pong.tlog\cl.read.1.tlog
d:\repositories\git\framework\pong\debug\pong.tlog\cl.write.1.tlog
d:\repositories\git\framework\pong\debug\pong.tlog\link.command.1.tlog
d:\repositories\git\framework\pong\debug\pong.tlog\link.read.1.tlog
d:\repositories\git\framework\pong\debug\pong.tlog\link.write.1.tlog
