Z:\IGMPROFILE\GIT\FRAMEWORK\FRAMEWORK\DEBUG\VECTOR2.SBR
Z:\IGMPROFILE\GIT\FRAMEWORK\FRAMEWORK\DEBUG\SPRITE.SBR
Z:\IGMPROFILE\GIT\FRAMEWORK\FRAMEWORK\DEBUG\QUAD.SBR
Z:\IGMPROFILE\GIT\FRAMEWORK\FRAMEWORK\DEBUG\GAMEOBJECT.SBR
Z:\IGMPROFILE\GIT\FRAMEWORK\FRAMEWORK\DEBUG\GAME.SBR
Z:\IGMPROFILE\GIT\FRAMEWORK\FRAMEWORK\DEBUG\TEXT.SBR
Z:\IGMPROFILE\GIT\FRAMEWORK\FRAMEWORK\DEBUG\ELLIP.SBR
Z:\IGMPROFILE\GIT\FRAMEWORK\FRAMEWORK\DEBUG\COLOR.SBR
Z:\IGMPROFILE\GIT\FRAMEWORK\FRAMEWORK\DEBUG\COLOR.OBJ
Z:\IGMPROFILE\GIT\FRAMEWORK\FRAMEWORK\DEBUG\ELLIP.OBJ
Z:\IGMPROFILE\GIT\FRAMEWORK\FRAMEWORK\DEBUG\TEXT.OBJ
Z:\IGMPROFILE\GIT\FRAMEWORK\FRAMEWORK\DEBUG\GAME.OBJ
Z:\IGMPROFILE\GIT\FRAMEWORK\FRAMEWORK\DEBUG\GAMEOBJECT.OBJ
Z:\IGMPROFILE\GIT\FRAMEWORK\FRAMEWORK\DEBUG\QUAD.OBJ
Z:\IGMPROFILE\GIT\FRAMEWORK\FRAMEWORK\DEBUG\SPRITE.OBJ
Z:\IGMPROFILE\GIT\FRAMEWORK\FRAMEWORK\DEBUG\VECTOR2.OBJ
Z:\IGMPROFILE\GIT\FRAMEWORK\FRAMEWORK\DEBUG\VC110.PDB
\\BANNER.MAIN.AD.RIT.EDU\STUDENTS\AMT3824\IGMPROFILE\GIT\FRAMEWORK\FRAMEWORK\DEBUG\VECTOR2.SBR
\\BANNER.MAIN.AD.RIT.EDU\STUDENTS\AMT3824\IGMPROFILE\GIT\FRAMEWORK\FRAMEWORK\DEBUG\SPRITE.SBR
\\BANNER.MAIN.AD.RIT.EDU\STUDENTS\AMT3824\IGMPROFILE\GIT\FRAMEWORK\FRAMEWORK\DEBUG\QUAD.SBR
\\BANNER.MAIN.AD.RIT.EDU\STUDENTS\AMT3824\IGMPROFILE\GIT\FRAMEWORK\FRAMEWORK\DEBUG\GAMEOBJECT.SBR
\\BANNER.MAIN.AD.RIT.EDU\STUDENTS\AMT3824\IGMPROFILE\GIT\FRAMEWORK\FRAMEWORK\DEBUG\GAME.SBR
\\BANNER.MAIN.AD.RIT.EDU\STUDENTS\AMT3824\IGMPROFILE\GIT\FRAMEWORK\FRAMEWORK\DEBUG\TEXT.SBR
\\BANNER.MAIN.AD.RIT.EDU\STUDENTS\AMT3824\IGMPROFILE\GIT\FRAMEWORK\FRAMEWORK\DEBUG\ELLIP.SBR
\\BANNER.MAIN.AD.RIT.EDU\STUDENTS\AMT3824\IGMPROFILE\GIT\FRAMEWORK\FRAMEWORK\DEBUG\COLOR.SBR
\\BANNER.MAIN.AD.RIT.EDU\STUDENTS\AMT3824\IGMPROFILE\GIT\FRAMEWORK\FRAMEWORK\DEBUG\COLOR.OBJ
\\BANNER.MAIN.AD.RIT.EDU\STUDENTS\AMT3824\IGMPROFILE\GIT\FRAMEWORK\FRAMEWORK\DEBUG\ELLIP.OBJ
\\BANNER.MAIN.AD.RIT.EDU\STUDENTS\AMT3824\IGMPROFILE\GIT\FRAMEWORK\FRAMEWORK\DEBUG\TEXT.OBJ
\\BANNER.MAIN.AD.RIT.EDU\STUDENTS\AMT3824\IGMPROFILE\GIT\FRAMEWORK\FRAMEWORK\DEBUG\GAME.OBJ
\\BANNER.MAIN.AD.RIT.EDU\STUDENTS\AMT3824\IGMPROFILE\GIT\FRAMEWORK\FRAMEWORK\DEBUG\GAMEOBJECT.OBJ
\\BANNER.MAIN.AD.RIT.EDU\STUDENTS\AMT3824\IGMPROFILE\GIT\FRAMEWORK\FRAMEWORK\DEBUG\QUAD.OBJ
\\BANNER.MAIN.AD.RIT.EDU\STUDENTS\AMT3824\IGMPROFILE\GIT\FRAMEWORK\FRAMEWORK\DEBUG\SPRITE.OBJ
\\BANNER.MAIN.AD.RIT.EDU\STUDENTS\AMT3824\IGMPROFILE\GIT\FRAMEWORK\FRAMEWORK\DEBUG\VECTOR2.OBJ
\\BANNER.MAIN.AD.RIT.EDU\STUDENTS\AMT3824\IGMPROFILE\GIT\FRAMEWORK\FRAMEWORK\DEBUG\VC110.PDB
\\BANNER.MAIN.AD.RIT.EDU\STUDENTS\AMT3824\IGMPROFILE\GIT\FRAMEWORK\DEBUG\FRAMEWORK.LIB
Z:\IGMPROFILE\GIT\FRAMEWORK\DEBUG\FRAMEWORK.LIB
\\BANNER.MAIN.AD.RIT.EDU\STUDENTS\AMT3824\IGMPROFILE\GIT\FRAMEWORK\DEBUG\FRAMEWORK.BSC
Z:\IGMPROFILE\GIT\FRAMEWORK\DEBUG\FRAMEWORK.BSC
Z:\IGMProfile\GIT\Framework\Framework\Debug\Color.obj
Z:\IGMProfile\GIT\Framework\Framework\Debug\Ellip.obj
Z:\IGMProfile\GIT\Framework\Framework\Debug\Text.obj
Z:\IGMProfile\GIT\Framework\Framework\Debug\Sprite.obj
Z:\IGMProfile\GIT\Framework\Framework\Debug\Vector2.obj
Z:\IGMProfile\GIT\Framework\Framework\Debug\GameObject.obj
Z:\IGMProfile\GIT\Framework\Framework\Debug\Quad.obj
Z:\IGMProfile\GIT\Framework\Framework\Debug\Game.obj
Z:\IGMProfile\GIT\Framework\Framework\Debug\CL.read.1.tlog
Z:\IGMProfile\GIT\Framework\Framework\Debug\CL.write.1.tlog
Z:\IGMProfile\GIT\Framework\Framework\Debug\cl.command.1.tlog
Z:\IGMProfile\GIT\Framework\Framework\Debug\Lib-link.read.1.tlog
Z:\IGMProfile\GIT\Framework\Framework\Debug\Lib-link.write.1.tlog
Z:\IGMProfile\GIT\Framework\Framework\Debug\lib.command.1.tlog
Z:\IGMProfile\GIT\Framework\Framework\Debug\bscmake.read.1.tlog
Z:\IGMProfile\GIT\Framework\Framework\Debug\BscMake.write.1.tlog
Z:\IGMProfile\GIT\Framework\Framework\Debug\BscMake.command.1.tlog
Z:\IGMProfile\GIT\Framework\Framework\Debug\Lib.read.1.tlog
Z:\IGMProfile\GIT\Framework\Framework\Debug\vc110.idb
Z:\IGMProfile\GIT\Framework\Framework\Debug\vc110.pdb
Z:\IGMProfile\GIT\Framework\Framework\Debug\Vector2.sbr
Z:\IGMProfile\GIT\Framework\Framework\Debug\Sprite.sbr
Z:\IGMProfile\GIT\Framework\Framework\Debug\Quad.sbr
Z:\IGMProfile\GIT\Framework\Framework\Debug\GameObject.sbr
Z:\IGMProfile\GIT\Framework\Framework\Debug\Game.sbr
Z:\IGMProfile\GIT\Framework\Framework\Debug\Text.sbr
Z:\IGMProfile\GIT\Framework\Framework\Debug\Ellip.sbr
Z:\IGMProfile\GIT\Framework\Framework\Debug\Color.sbr
Z:\IGMProfile\GIT\Framework\Debug\Framework.lib
Z:\IGMProfile\GIT\Framework\Debug\Framework.bsc
