Build started 1/20/2014 11:49:39 AM.
     1>Project "D:\Repositories\GIT\Framework\Framework\Framework.vcxproj" on node 3 (Rebuild target(s)).
     1>ClCompile:
         C:\Program Files (x86)\Microsoft Visual Studio 12.0\VC\bin\CL.exe /c /ID:\Repositories\GIT\Framework\\include /ZI /nologo /W3 /WX- /Od /Oy- /D WIN32 /D _DEBUG /D _WINDOWS /D _USRDLL /D FRAMEWORK_EXPORTS /D _UNICODE /D UNICODE /Gm /EHsc /RTC1 /MDd /GS /fp:precise /Zc:wchar_t /Zc:forScope /Fo"Debug\\" /Fd"Debug\vc120.pdb" /Gd /TP /analyze- /errorReport:prompt Color.cpp Ellip.cpp Text.cpp Game.cpp GameObject.cpp Quad.cpp Sprite.cpp Vector2.cpp
         Vector2.cpp
         Sprite.cpp
     1>d:\repositories\git\framework\framework\sprite.cpp(44): warning C4244: '=' : conversion from 'int' to 'float', possible loss of data
     1>d:\repositories\git\framework\framework\sprite.cpp(45): warning C4244: '=' : conversion from 'int' to 'float', possible loss of data
     1>d:\repositories\git\framework\framework\sprite.cpp(78): warning C4244: 'argument' : conversion from 'float' to 'GLsizei', possible loss of data
         Quad.cpp
         GameObject.cpp
         Game.cpp
         Text.cpp
     1>d:\repositories\git\framework\framework\text.cpp(46): warning C4244: '=' : conversion from 'float' to 'Uint8', possible loss of data
     1>d:\repositories\git\framework\framework\text.cpp(49): warning C4244: 'argument' : conversion from 'float' to 'int', possible loss of data
     1>d:\repositories\git\framework\framework\text.cpp(57): warning C4244: 'argument' : conversion from 'float' to 'GLsizei', possible loss of data
         Ellip.cpp
     1>d:\repositories\git\framework\framework\ellip.cpp(37): warning C4244: 'initializing' : conversion from 'double' to 'float', possible loss of data
         Color.cpp
         Generating Code...
       Lib:
         C:\Program Files (x86)\Microsoft Visual Studio 12.0\VC\bin\Lib.exe /OUT:"D:\Repositories\GIT\Framework\Debug\Framework.lib" /NOLOGO Debug\Color.obj
         Debug\Ellip.obj
         Debug\Text.obj
         Debug\Game.obj
         Debug\GameObject.obj
         Debug\Quad.obj
         Debug\Sprite.obj
         Debug\Vector2.obj
         Framework.vcxproj -> D:\Repositories\GIT\Framework\Debug\Framework.lib
       PostBuildEvent:
         xcopy "D:\Repositories\GIT\Framework\Debug\Framework.lib" "D:\Repositories\GIT\Framework\lib" /Y
         xcopy "D:\Repositories\GIT\Framework\Framework\*.h" "D:\Repositories\GIT\Framework\include\Framework\" /Y
         :VCEnd
         D:\Repositories\GIT\Framework\Debug\Framework.lib
         1 File(s) copied
         D:\Repositories\GIT\Framework\Framework\Color.h
         D:\Repositories\GIT\Framework\Framework\Ellip.h
         D:\Repositories\GIT\Framework\Framework\Game.h
         D:\Repositories\GIT\Framework\Framework\GameObject.h
         D:\Repositories\GIT\Framework\Framework\Quad.h
         D:\Repositories\GIT\Framework\Framework\Sprite.h
         D:\Repositories\GIT\Framework\Framework\Text.h
         D:\Repositories\GIT\Framework\Framework\Vector2.h
         8 File(s) copied
     1>Done Building Project "D:\Repositories\GIT\Framework\Framework\Framework.vcxproj" (Rebuild target(s)).

Build succeeded.

Time Elapsed 00:00:05.36
